This file contains any messages produced by compilers while
running configure, to aid debugging if configure makes a mistake.

It was created by configure, which was
generated by GNU Autoconf 2.59.  Invocation command line was

  $ ./configure 

## --------- ##
## Platform. ##
## --------- ##

hostname = kent-Linux
uname -m = i686
uname -r = 2.6.32-24-generic
uname -s = Linux
uname -v = #43-Ubuntu SMP Thu Sep 16 14:17:33 UTC 2010

/usr/bin/uname -p = unknown
/bin/uname -X     = unknown

/bin/arch              = unknown
/usr/bin/arch -k       = unknown
/usr/convex/getsysinfo = unknown
hostinfo               = unknown
/bin/machine           = unknown
/usr/bin/oslevel       = unknown
/bin/universe          = unknown

PATH: /usr/local/sbin
PATH: /usr/local/bin
PATH: /usr/sbin
PATH: /usr/bin
PATH: /sbin
PATH: /bin
PATH: /usr/games


## ----------- ##
## Core tests. ##
## ----------- ##

configure:1355: checking for a BSD-compatible install
configure:1410: result: /usr/bin/install -c
configure:1421: checking whether build environment is sane
configure:1464: result: yes
configure:1497: checking for gawk
configure:1513: found /usr/bin/gawk
configure:1523: result: gawk
configure:1533: checking whether make sets $(MAKE)
configure:1553: result: yes
configure:1708: checking build system type
configure:1726: result: i686-pc-linux-gnu
configure:1734: checking host system type
configure:1748: result: i686-pc-linux-gnu
configure:1781: checking for style of include used by make
configure:1809: result: GNU
configure:1880: checking for gcc
configure:1896: found /usr/bin/gcc
configure:1906: result: gcc
configure:2150: checking for C compiler version
configure:2153: gcc --version </dev/null >&5
gcc (Ubuntu 4.4.3-4ubuntu5) 4.4.3
Copyright (C) 2009 Free Software Foundation, Inc.
This is free software; see the source for copying conditions.  There is NO
warranty; not even for MERCHANTABILITY or FITNESS FOR A PARTICULAR PURPOSE.

configure:2156: $? = 0
configure:2158: gcc -v </dev/null >&5
Using built-in specs.
Target: i486-linux-gnu
Configured with: ../src/configure -v --with-pkgversion='Ubuntu 4.4.3-4ubuntu5' --with-bugurl=file:///usr/share/doc/gcc-4.4/README.Bugs --enable-languages=c,c++,fortran,objc,obj-c++ --prefix=/usr --enable-shared --enable-multiarch --enable-linker-build-id --with-system-zlib --libexecdir=/usr/lib --without-included-gettext --enable-threads=posix --with-gxx-include-dir=/usr/include/c++/4.4 --program-suffix=-4.4 --enable-nls --enable-clocale=gnu --enable-libstdcxx-debug --enable-plugin --enable-objc-gc --enable-targets=all --disable-werror --with-arch-32=i486 --with-tune=generic --enable-checking=release --build=i486-linux-gnu --host=i486-linux-gnu --target=i486-linux-gnu
Thread model: posix
gcc version 4.4.3 (Ubuntu 4.4.3-4ubuntu5) 
configure:2161: $? = 0
configure:2163: gcc -V </dev/null >&5
gcc: '-V' option must have argument
configure:2166: $? = 1
configure:2189: checking for C compiler default output file name
configure:2192: gcc    conftest.c  >&5
configure:2195: $? = 0
configure:2241: result: a.out
configure:2246: checking whether the C compiler works
configure:2252: ./a.out
configure:2255: $? = 0
configure:2272: result: yes
configure:2279: checking whether we are cross compiling
configure:2281: result: no
configure:2284: checking for suffix of executables
configure:2286: gcc -o conftest    conftest.c  >&5
configure:2289: $? = 0
configure:2314: result: 
configure:2320: checking for suffix of object files
configure:2341: gcc -c   conftest.c >&5
configure:2344: $? = 0
configure:2366: result: o
configure:2370: checking whether we are using the GNU C compiler
configure:2394: gcc -c   conftest.c >&5
configure:2400: $? = 0
configure:2404: test -z 
			 || test ! -s conftest.err
configure:2407: $? = 0
configure:2410: test -s conftest.o
configure:2413: $? = 0
configure:2426: result: yes
configure:2432: checking whether gcc accepts -g
configure:2453: gcc -c -g  conftest.c >&5
configure:2459: $? = 0
configure:2463: test -z 
			 || test ! -s conftest.err
configure:2466: $? = 0
configure:2469: test -s conftest.o
configure:2472: $? = 0
configure:2483: result: yes
configure:2500: checking for gcc option to accept ANSI C
configure:2570: gcc  -c -g -O2  conftest.c >&5
configure:2576: $? = 0
configure:2580: test -z 
			 || test ! -s conftest.err
configure:2583: $? = 0
configure:2586: test -s conftest.o
configure:2589: $? = 0
configure:2607: result: none needed
configure:2625: gcc -c -g -O2  conftest.c >&5
conftest.c:2: error: expected '=', ',', ';', 'asm' or '__attribute__' before 'me'
configure:2631: $? = 1
configure: failed program was:
| #ifndef __cplusplus
|   choke me
| #endif
configure:2766: checking dependency style of gcc
configure:2828: result: none
configure:2837: checking for gcc option to accept ANSI C
configure:2900: gcc  -c -g -O2  conftest.c >&5
configure:2906: $? = 0
configure:2910: test -z 
			 || test ! -s conftest.err
configure:2913: $? = 0
configure:2916: test -s conftest.o
configure:2919: $? = 0
configure:2934: result: none needed
configure:2992: checking for gcc
configure:3018: result: gcc
configure:3262: checking for C compiler version
configure:3265: gcc --version </dev/null >&5
gcc (Ubuntu 4.4.3-4ubuntu5) 4.4.3
Copyright (C) 2009 Free Software Foundation, Inc.
This is free software; see the source for copying conditions.  There is NO
warranty; not even for MERCHANTABILITY or FITNESS FOR A PARTICULAR PURPOSE.

configure:3268: $? = 0
configure:3270: gcc -v </dev/null >&5
Using built-in specs.
Target: i486-linux-gnu
Configured with: ../src/configure -v --with-pkgversion='Ubuntu 4.4.3-4ubuntu5' --with-bugurl=file:///usr/share/doc/gcc-4.4/README.Bugs --enable-languages=c,c++,fortran,objc,obj-c++ --prefix=/usr --enable-shared --enable-multiarch --enable-linker-build-id --with-system-zlib --libexecdir=/usr/lib --without-included-gettext --enable-threads=posix --with-gxx-include-dir=/usr/include/c++/4.4 --program-suffix=-4.4 --enable-nls --enable-clocale=gnu --enable-libstdcxx-debug --enable-plugin --enable-objc-gc --enable-targets=all --disable-werror --with-arch-32=i486 --with-tune=generic --enable-checking=release --build=i486-linux-gnu --host=i486-linux-gnu --target=i486-linux-gnu
Thread model: posix
gcc version 4.4.3 (Ubuntu 4.4.3-4ubuntu5) 
configure:3273: $? = 0
configure:3275: gcc -V </dev/null >&5
gcc: '-V' option must have argument
configure:3278: $? = 1
configure:3281: checking whether we are using the GNU C compiler
configure:3337: result: yes
configure:3343: checking whether gcc accepts -g
configure:3394: result: yes
configure:3411: checking for gcc option to accept ANSI C
configure:3518: result: none needed
configure:3536: gcc -c -g -O2  conftest.c >&5
conftest.c:2: error: expected '=', ',', ';', 'asm' or '__attribute__' before 'me'
configure:3542: $? = 1
configure: failed program was:
| #ifndef __cplusplus
|   choke me
| #endif
configure:3677: checking dependency style of gcc
configure:3739: result: none
configure:3750: checking how to run the C preprocessor
configure:3785: gcc -E  conftest.c
configure:3791: $? = 0
configure:3823: gcc -E  conftest.c
conftest.c:11:28: error: ac_nonexistent.h: No such file or directory
configure:3829: $? = 1
configure: failed program was:
| /* confdefs.h.  */
| 
| #define PACKAGE_NAME ""
| #define PACKAGE_TARNAME ""
| #define PACKAGE_VERSION ""
| #define PACKAGE_STRING ""
| #define PACKAGE_BUGREPORT ""
| #define PACKAGE "nemesis"
| #define VERSION "1.4"
| /* end confdefs.h.  */
| #include <ac_nonexistent.h>
configure:3868: result: gcc -E
configure:3892: gcc -E  conftest.c
configure:3898: $? = 0
configure:3930: gcc -E  conftest.c
conftest.c:11:28: error: ac_nonexistent.h: No such file or directory
configure:3936: $? = 1
configure: failed program was:
| /* confdefs.h.  */
| 
| #define PACKAGE_NAME ""
| #define PACKAGE_TARNAME ""
| #define PACKAGE_VERSION ""
| #define PACKAGE_STRING ""
| #define PACKAGE_BUGREPORT ""
| #define PACKAGE "nemesis"
| #define VERSION "1.4"
| /* end confdefs.h.  */
| #include <ac_nonexistent.h>
configure:3980: checking for egrep
configure:3990: result: grep -E
configure:3996: checking whether gcc needs -traditional
configure:4038: result: no
configure:4174: checking for an ANSI C-conforming const
configure:4241: gcc -c -g -O2 -Wall -funroll-loops -pipe  -D_BSD_SOURCE -D__BSD_SOURCE -D__FAVOR_BSD -DHAVE_NET_ETHERNET_H -I/usr/local/include -I/sw/include conftest.c >&5
conftest.c: In function 'main':
conftest.c:39: warning: unused variable 's'
conftest.c:59: warning: unused variable 'foo'
conftest.c:26: warning: unused variable 'zero'
conftest.c:20: warning: unused variable 'x'
conftest.c:41: warning: 't' is used uninitialized in this function
conftest.c:56: warning: 'b' is used uninitialized in this function
configure:4247: $? = 0
configure:4251: test -z 
			 || test ! -s conftest.err
configure:4254: $? = 0
configure:4257: test -s conftest.o
configure:4260: $? = 0
configure:4271: result: yes
configure:4286: checking for gawk
configure:4312: result: gawk
configure:4335: checking for a BSD-compatible install
configure:4390: result: /usr/bin/install -c
configure:4401: checking whether ln -s works
configure:4405: result: yes
configure:4414: checking for fabs in -lm
configure:4444: gcc -o conftest -g -O2 -Wall -funroll-loops -pipe  -D_BSD_SOURCE -D__BSD_SOURCE -D__FAVOR_BSD -DHAVE_NET_ETHERNET_H -I/usr/local/include -I/sw/include  conftest.c -lm    >&5
conftest.c:19: warning: conflicting types for built-in function 'fabs'
configure:4450: $? = 0
configure:4454: test -z 
			 || test ! -s conftest.err
configure:4457: $? = 0
configure:4460: test -s conftest
configure:4463: $? = 0
configure:4476: result: yes
configure:4488: checking for inet_ntoa in -lnsl
configure:4518: gcc -o conftest -g -O2 -Wall -funroll-loops -pipe  -D_BSD_SOURCE -D__BSD_SOURCE -D__FAVOR_BSD -DHAVE_NET_ETHERNET_H -I/usr/local/include -I/sw/include  conftest.c -lnsl  -lm   >&5
configure:4524: $? = 0
configure:4528: test -z 
			 || test ! -s conftest.err
configure:4531: $? = 0
configure:4534: test -s conftest
configure:4537: $? = 0
configure:4550: result: yes
configure:4562: checking for socket in -lsocket
configure:4592: gcc -o conftest -g -O2 -Wall -funroll-loops -pipe  -D_BSD_SOURCE -D__BSD_SOURCE -D__FAVOR_BSD -DHAVE_NET_ETHERNET_H -I/usr/local/include -I/sw/include  conftest.c -lsocket  -lnsl -lm   >&5
/usr/bin/ld: cannot find -lsocket
collect2: ld returned 1 exit status
configure:4598: $? = 1
configure: failed program was:
| /* confdefs.h.  */
| 
| #define PACKAGE_NAME ""
| #define PACKAGE_TARNAME ""
| #define PACKAGE_VERSION ""
| #define PACKAGE_STRING ""
| #define PACKAGE_BUGREPORT ""
| #define PACKAGE "nemesis"
| #define VERSION "1.4"
| #define LINUX 1
| #define HAVE_LIBM 1
| #define HAVE_LIBNSL 1
| /* end confdefs.h.  */
| 
| /* Override any gcc2 internal prototype to avoid an error.  */
| #ifdef __cplusplus
| extern "C"
| #endif
| /* We use char because int might match the return type of a gcc2
|    builtin and then its argument prototype would still apply.  */
| char socket ();
| int
| main ()
| {
| socket ();
|   ;
|   return 0;
| }
configure:4624: result: no
configure:4636: checking for hstrerror in -lresolv
configure:4666: gcc -o conftest -g -O2 -Wall -funroll-loops -pipe  -D_BSD_SOURCE -D__BSD_SOURCE -D__FAVOR_BSD -DHAVE_NET_ETHERNET_H -I/usr/local/include -I/sw/include  conftest.c -lresolv  -lnsl -lm   >&5
configure:4672: $? = 0
configure:4676: test -z 
			 || test ! -s conftest.err
configure:4679: $? = 0
configure:4682: test -s conftest
configure:4685: $? = 0
configure:4698: result: yes
configure:4712: checking for libnet_build_ip in -lnet
configure:4742: gcc -o conftest -g -O2 -Wall -funroll-loops -pipe  -D_BSD_SOURCE -D__BSD_SOURCE -D__FAVOR_BSD -DHAVE_NET_ETHERNET_H -I/usr/local/include -I/sw/include  conftest.c -lnet  -lresolv -lnsl -lm   >&5
/tmp/ccUfAV4v.o: In function `main':
/home/kent/program/dependns-extensions/tools/hack/nemesis-1.4/conftest.c:26: undefined reference to `libnet_build_ip'
collect2: ld returned 1 exit status
configure:4748: $? = 1
configure: failed program was:
| /* confdefs.h.  */
| 
| #define PACKAGE_NAME ""
| #define PACKAGE_TARNAME ""
| #define PACKAGE_VERSION ""
| #define PACKAGE_STRING ""
| #define PACKAGE_BUGREPORT ""
| #define PACKAGE "nemesis"
| #define VERSION "1.4"
| #define LINUX 1
| #define HAVE_LIBM 1
| #define HAVE_LIBNSL 1
| #define HAVE_LIBRESOLV 1
| /* end confdefs.h.  */
| 
| /* Override any gcc2 internal prototype to avoid an error.  */
| #ifdef __cplusplus
| extern "C"
| #endif
| /* We use char because int might match the return type of a gcc2
|    builtin and then its argument prototype would still apply.  */
| char libnet_build_ip ();
| int
| main ()
| {
| libnet_build_ip ();
|   ;
|   return 0;
| }
configure:4774: result: no

## ---------------- ##
## Cache variables. ##
## ---------------- ##

ac_cv_build=i686-pc-linux-gnu
ac_cv_build_alias=i686-pc-linux-gnu
ac_cv_c_compiler_gnu=yes
ac_cv_c_const=yes
ac_cv_env_CC_set=
ac_cv_env_CC_value=
ac_cv_env_CFLAGS_set=
ac_cv_env_CFLAGS_value=
ac_cv_env_CPPFLAGS_set=
ac_cv_env_CPPFLAGS_value=
ac_cv_env_CPP_set=
ac_cv_env_CPP_value=
ac_cv_env_LDFLAGS_set=
ac_cv_env_LDFLAGS_value=
ac_cv_env_build_alias_set=
ac_cv_env_build_alias_value=
ac_cv_env_host_alias_set=
ac_cv_env_host_alias_value=
ac_cv_env_target_alias_set=
ac_cv_env_target_alias_value=
ac_cv_exeext=
ac_cv_host=i686-pc-linux-gnu
ac_cv_host_alias=i686-pc-linux-gnu
ac_cv_lib_m_fabs=yes
ac_cv_lib_net_libnet_build_ip=no
ac_cv_lib_nsl_inet_ntoa=yes
ac_cv_lib_resolv_hstrerror=yes
ac_cv_lib_socket_socket=no
ac_cv_objext=o
ac_cv_path_install='/usr/bin/install -c'
ac_cv_prog_AWK=gawk
ac_cv_prog_CPP='gcc -E'
ac_cv_prog_ac_ct_CC=gcc
ac_cv_prog_cc_g=yes
ac_cv_prog_cc_stdc=
ac_cv_prog_egrep='grep -E'
ac_cv_prog_gcc_traditional=no
ac_cv_prog_make_make_set=yes
am_cv_CC_dependencies_compiler_type=none
am_cv_prog_cc_stdc=

## ----------------- ##
## Output variables. ##
## ----------------- ##

ACLOCAL='${SHELL} /home/kent/program/dependns-extensions/tools/hack/nemesis-1.4/missing --run aclocal-1.6'
AMDEPBACKSLASH='\'
AMDEP_FALSE='#'
AMDEP_TRUE=''
AMTAR='${SHELL} /home/kent/program/dependns-extensions/tools/hack/nemesis-1.4/missing --run tar'
AUTOCONF='${SHELL} /home/kent/program/dependns-extensions/tools/hack/nemesis-1.4/missing --run autoconf'
AUTOHEADER='${SHELL} /home/kent/program/dependns-extensions/tools/hack/nemesis-1.4/missing --run autoheader'
AUTOMAKE='${SHELL} /home/kent/program/dependns-extensions/tools/hack/nemesis-1.4/missing --run automake-1.6'
AWK='gawk'
CC='gcc'
CCDEPMODE='depmode=none'
CFLAGS='-g -O2 -Wall -funroll-loops -pipe'
CPP='gcc -E'
CPPFLAGS=' -D_BSD_SOURCE -D__BSD_SOURCE -D__FAVOR_BSD -DHAVE_NET_ETHERNET_H -I/usr/local/include -I/sw/include'
DEFS=''
DEPDIR='.deps'
ECHO_C=''
ECHO_N='-n'
ECHO_T=''
EGREP='grep -E'
EXEEXT=''
INCLUDES=''
INSTALL_DATA='${INSTALL} -m 644'
INSTALL_PROGRAM='${INSTALL}'
INSTALL_SCRIPT='${INSTALL}'
INSTALL_STRIP_PROGRAM='${SHELL} $(install_sh) -c -s'
LDFLAGS=''
LIBOBJS=''
LIBS='-lresolv -lnsl -lm  '
LN_S='ln -s'
LTLIBOBJS=''
MAKEINFO='${SHELL} /home/kent/program/dependns-extensions/tools/hack/nemesis-1.4/missing --run makeinfo'
OBJEXT='o'
PACKAGE='nemesis'
PACKAGE_BUGREPORT=''
PACKAGE_NAME=''
PACKAGE_STRING=''
PACKAGE_TARNAME=''
PACKAGE_VERSION=''
PATH_SEPARATOR=':'
SET_MAKE=''
SHELL='/bin/bash'
STRIP=''
VERSION='1.4'
ac_ct_CC='gcc'
ac_ct_STRIP=''
am__include='include'
am__quote=''
bindir='${exec_prefix}/bin'
build='i686-pc-linux-gnu'
build_alias=''
build_cpu='i686'
build_os='linux-gnu'
build_vendor='pc'
datadir='${prefix}/share'
exec_prefix='NONE'
host='i686-pc-linux-gnu'
host_alias=''
host_cpu='i686'
host_os='linux-gnu'
host_vendor='pc'
includedir='${prefix}/include'
infodir='${prefix}/info'
install_sh='/home/kent/program/dependns-extensions/tools/hack/nemesis-1.4/install-sh'
libdir='${exec_prefix}/lib'
libexecdir='${exec_prefix}/libexec'
localstatedir='${prefix}/var'
mandir='${prefix}/man'
oldincludedir='/usr/include'
prefix='/usr/local'
program_transform_name='s,x,x,'
sbindir='${exec_prefix}/sbin'
sharedstatedir='${prefix}/com'
sysconfdir='${prefix}/etc'
target_alias=''

## ----------- ##
## confdefs.h. ##
## ----------- ##

#define HAVE_LIBM 1
#define HAVE_LIBNSL 1
#define HAVE_LIBRESOLV 1
#define LINUX 1
#define PACKAGE "nemesis"
#define PACKAGE_BUGREPORT ""
#define PACKAGE_NAME ""
#define PACKAGE_STRING ""
#define PACKAGE_TARNAME ""
#define PACKAGE_VERSION ""
#define VERSION "1.4"

configure: exit 0
